Using pre-set license
Built from '2022.3/staging' branch; Version is '2022.3.15f1 (b58023a2b463) revision 11894819'; Using compiler version '192829333'; Build Type 'Release'
OS: 'Windows 11  (10.0.22631) 64bit CoreSingleLanguage' Language: 'ru' Physical Memory: 16199 MB
BatchMode: 1, IsHumanControllingUs: 0, StartBugReporterOnCrash: 0, Is64bit: 1, IsPro: 1

COMMAND LINE ARGUMENTS:
D:\Unity\2022.3.15f1\Editor\Unity.exe
-adb2
-batchMode
-noUpm
-name
AssetImportWorker0
-projectPath
D:/UnityProject/Coloring_Book
-logFile
Logs/AssetImportWorker0.log
-srvPort
58686
Successfully changed project path to: D:/UnityProject/Coloring_Book
D:/UnityProject/Coloring_Book
[UnityMemory] Configuration Parameters - Can be set up in boot.config
    "memorysetup-bucket-allocator-granularity=16"
    "memorysetup-bucket-allocator-bucket-count=8"
    "memorysetup-bucket-allocator-block-size=33554432"
    "memorysetup-bucket-allocator-block-count=8"
    "memorysetup-main-allocator-block-size=16777216"
    "memorysetup-thread-allocator-block-size=16777216"
    "memorysetup-gfx-main-allocator-block-size=16777216"
    "memorysetup-gfx-thread-allocator-block-size=16777216"
    "memorysetup-cache-allocator-block-size=4194304"
    "memorysetup-typetree-allocator-block-size=2097152"
    "memorysetup-profiler-bucket-allocator-granularity=16"
    "memorysetup-profiler-bucket-allocator-bucket-count=8"
    "memorysetup-profiler-bucket-allocator-block-size=33554432"
    "memorysetup-profiler-bucket-allocator-block-count=8"
    "memorysetup-profiler-allocator-block-size=16777216"
    "memorysetup-profiler-editor-allocator-block-size=1048576"
    "memorysetup-temp-allocator-size-main=16777216"
    "memorysetup-job-temp-allocator-block-size=2097152"
    "memorysetup-job-temp-allocator-block-size-background=1048576"
    "memorysetup-job-temp-allocator-reduction-small-platforms=262144"
    "memorysetup-allocator-temp-initial-block-size-main=262144"
    "memorysetup-allocator-temp-initial-block-size-worker=262144"
    "memorysetup-temp-allocator-size-background-worker=32768"
    "memorysetup-temp-allocator-size-job-worker=262144"
    "memorysetup-temp-allocator-size-preload-manager=33554432"
    "memorysetup-temp-allocator-size-nav-mesh-worker=65536"
    "memorysetup-temp-allocator-size-audio-worker=65536"
    "memorysetup-temp-allocator-size-cloud-worker=32768"
    "memorysetup-temp-allocator-size-gi-baking-worker=262144"
    "memorysetup-temp-allocator-size-gfx=262144"
Player connection [24328] Host "[IP] 192.168.1.72 [Port] 0 [Flags] 2 [Guid] 3203371409 [EditorId] 3203371409 [Version] 1048832 [Id] WindowsEditor(7,MSI) [Debug] 1 [PackageName] WindowsEditor [ProjectName] Editor" joined multi-casting on [225.0.0.222:54997]...

Player connection [24328] Host "[IP] 192.168.1.72 [Port] 0 [Flags] 2 [Guid] 3203371409 [EditorId] 3203371409 [Version] 1048832 [Id] WindowsEditor(7,MSI) [Debug] 1 [PackageName] WindowsEditor [ProjectName] Editor" joined alternative multi-casting on [225.0.0.222:34997]...

[Physics::Module] Initialized MultithreadedJobDispatcher with 11 workers.
Refreshing native plugins compatible for Editor in 7.48 ms, found 4 plugins.
Preloading 0 native plugins for Editor in 0.00 ms.
Initialize engine version: 2022.3.15f1 (b58023a2b463)
[Subsystems] Discovering subsystems at path D:/Unity/2022.3.15f1/Editor/Data/Resources/UnitySubsystems
[Subsystems] Discovering subsystems at path D:/UnityProject/Coloring_Book/Assets
GfxDevice: creating device client; threaded=0; jobified=0
Direct3D:
    Version:  Direct3D 11.0 [level 11.1]
    Renderer: NVIDIA GeForce RTX 2070 (ID=0x1f14)
    Vendor:   NVIDIA
    VRAM:     8019 MB
    Driver:   31.0.15.2892
Initialize mono
Mono path[0] = 'D:/Unity/2022.3.15f1/Editor/Data/Managed'
Mono path[1] = 'D:/Unity/2022.3.15f1/Editor/Data/MonoBleedingEdge/lib/mono/unityjit-win32'
Mono config path = 'D:/Unity/2022.3.15f1/Editor/Data/MonoBleedingEdge/etc'
Using monoOptions --debugger-agent=transport=dt_socket,embedding=1,server=y,suspend=n,address=127.0.0.1:56268
Begin MonoManager ReloadAssembly
Registering precompiled unity dll's ...
Register platform support module: D:/Unity/2022.3.15f1/Editor/Data/PlaybackEngines/WebGLSupport/UnityEditor.WebGL.Extensions.dll
Register platform support module: D:/Unity/2022.3.15f1/Editor/Data/PlaybackEngines/AndroidPlayer/UnityEditor.Android.Extensions.dll
Register platform support module: D:/Unity/2022.3.15f1/Editor/Data/PlaybackEngines/WindowsStandaloneSupport/UnityEditor.WindowsStandalone.Extensions.dll
Registered in 0.003870 seconds.
- Loaded All Assemblies, in  0.360 seconds
Native extension for WindowsStandalone target not found
Native extension for Android target not found
Android Extension - Scanning For ADB Devices 239 ms
Native extension for WebGL target not found
Mono: successfully reloaded assembly
- Finished resetting the current domain, in  0.575 seconds
Domain Reload Profiling: 935ms
	BeginReloadAssembly (111ms)
		ExecutionOrderSort (0ms)
		DisableScriptedObjects (0ms)
		BackupInstance (0ms)
		ReleaseScriptingObjects (0ms)
		CreateAndSetChildDomain (1ms)
	RebuildCommonClasses (35ms)
	RebuildNativeTypeToScriptingClass (12ms)
	initialDomainReloadingComplete (48ms)
	LoadAllAssembliesAndSetupDomain (153ms)
		LoadAssemblies (111ms)
		RebuildTransferFunctionScriptingTraits (0ms)
		AnalyzeDomain (151ms)
			TypeCache.Refresh (149ms)
				TypeCache.ScanAssembly (134ms)
			ScanForSourceGeneratedMonoScriptInfo (0ms)
			ResolveRequiredComponents (0ms)
	FinalizeReload (575ms)
		ReleaseScriptCaches (0ms)
		RebuildScriptCaches (0ms)
		SetupLoadedEditorAssemblies (514ms)
			LogAssemblyErrors (0ms)
			InitializePlatformSupportModulesInManaged (344ms)
			SetLoadedEditorAssemblies (4ms)
			RefreshPlugins (0ms)
			BeforeProcessingInitializeOnLoad (2ms)
			ProcessInitializeOnLoadAttributes (121ms)
			ProcessInitializeOnLoadMethodAttributes (44ms)
			AfterProcessingInitializeOnLoad (0ms)
			EditorAssembliesLoaded (0ms)
		ExecutionOrderSort2 (0ms)
		AwakeInstancesAfterBackupRestoration (0ms)
========================================================================
Worker process is ready to serve import requests
Begin MonoManager ReloadAssembly
- Loaded All Assemblies, in  0.634 seconds
Refreshing native plugins compatible for Editor in 4.25 ms, found 4 plugins.
Native extension for WindowsStandalone target not found
Native extension for Android target not found
Native extension for WebGL target not found
Package Manager log level set to [2]
[Package Manager] Server::EnsureServerProcessIsRunning -- launch failed, reason: Unity was launched with the -noUpm command-line argument
[Package Manager] UpmClient::Send -- Unable to send message (not connected to UPM process).
[Package Manager] Cannot connect to Unity Package Manager local server
Mono: successfully reloaded assembly
- Finished resetting the current domain, in  0.901 seconds
Domain Reload Profiling: 1535ms
	BeginReloadAssembly (147ms)
		ExecutionOrderSort (0ms)
		DisableScriptedObjects (5ms)
		BackupInstance (0ms)
		ReleaseScriptingObjects (0ms)
		CreateAndSetChildDomain (23ms)
	RebuildCommonClasses (39ms)
	RebuildNativeTypeToScriptingClass (12ms)
	initialDomainReloadingComplete (37ms)
	LoadAllAssembliesAndSetupDomain (398ms)
		LoadAssemblies (285ms)
		RebuildTransferFunctionScriptingTraits (0ms)
		AnalyzeDomain (197ms)
			TypeCache.Refresh (167ms)
				TypeCache.ScanAssembly (147ms)
			ScanForSourceGeneratedMonoScriptInfo (23ms)
			ResolveRequiredComponents (6ms)
	FinalizeReload (902ms)
		ReleaseScriptCaches (0ms)
		RebuildScriptCaches (0ms)
		SetupLoadedEditorAssemblies (715ms)
			LogAssemblyErrors (0ms)
			InitializePlatformSupportModulesInManaged (27ms)
			SetLoadedEditorAssemblies (3ms)
			RefreshPlugins (0ms)
			BeforeProcessingInitializeOnLoad (64ms)
			ProcessInitializeOnLoadAttributes (572ms)
			ProcessInitializeOnLoadMethodAttributes (46ms)
			AfterProcessingInitializeOnLoad (3ms)
			EditorAssembliesLoaded (0ms)
		ExecutionOrderSort2 (0ms)
		AwakeInstancesAfterBackupRestoration (7ms)
Launched and connected shader compiler UnityShaderCompiler.exe after 0.04 seconds
Refreshing native plugins compatible for Editor in 2.55 ms, found 4 plugins.
Preloading 0 native plugins for Editor in 0.00 ms.
Unloading 4089 Unused Serialized files (Serialized files now loaded: 0)
Unloading 70 unused Assets / (244.8 KB). Loaded Objects now: 4549.
Memory consumption went from 154.9 MB to 154.7 MB.
Total: 3.972200 ms (FindLiveObjects: 0.333700 ms CreateObjectMapping: 0.330300 ms MarkObjects: 3.091000 ms  DeleteObjects: 0.216500 ms)

AssetImportParameters requested are different than current active one (requested -> active):
  custom:container-demuxer-ogg: 62fdf1f143b41e24485cea50d1cbac27 -> 
  custom:video-decoder-ogg-theora: a1e56fd34408186e4bbccfd4996cb3dc -> 
  custom:framework-win-MediaFoundation: 216162199b28c13a410421893ffa2e32 -> 
  custom:CustomObjectIndexerAttribute: 43b350a4d6e6d1791af0b5038c4bea17 -> 
  custom:container-demuxer-webm: 4f35f7cbe854078d1ac9338744f61a02 -> 
  custom:container-muxer-webm: aa71ff27fc2769a1b78a27578f13a17b -> 
  custom:video-decoder-webm-vp8: 9c59270c3fd7afecdb556c50c9e8de78 -> 
  custom:SearchIndexIgnoredProperties: e643bd26f0fe6173181afceb89e7c659 -> 
  custom:AudioImporter_EditorPlatform: d09bf68614088b80899f8185d706f6e7 -> 
  custom:video-encoder-webm-vp8: eb34c28f22e8b96e1ab97ce403110664 -> 
  custom:audio-decoder-ogg-vorbis: bf7c407c2cedff20999df2af8eb42d56 -> 
  custom:audio-encoder-webm-vorbis: bf7c407c2cedff20999df2af8eb42d56 -> 
========================================================================
Received Import Request.
  Time since last request: 1627801.499356 seconds.
  path: Assets/Sprites/UI/Choise_game/wolf_sample 1.png
  artifactKey: Guid(6bba25c924026de4f9492a708b8c288c) Importer(815301076,1909f56bfc062723c751e8b465ee728b)
Start importing Assets/Sprites/UI/Choise_game/wolf_sample 1.png using Guid(6bba25c924026de4f9492a708b8c288c) Importer(815301076,1909f56bfc062723c751e8b465ee728b)  -> (artifact id: '041d5f7951ba126cc37e0f301c81d9bc') in 0.079439 seconds
Number of updated asset objects reloaded before import = 0
Number of asset objects unloaded after import = 3
========================================================================
Received Prepare
Begin MonoManager ReloadAssembly
- Loaded All Assemblies, in  0.394 seconds
Refreshing native plugins compatible for Editor in 2.40 ms, found 4 plugins.
Native extension for WindowsStandalone target not found
Native extension for Android target not found
Native extension for WebGL target not found
[Package Manager] Server::EnsureServerProcessIsRunning -- launch failed, reason: Unity was launched with the -noUpm command-line argument
[Package Manager] UpmClient::Send -- Unable to send message (not connected to UPM process).
[Package Manager] Cannot connect to Unity Package Manager local server
Mono: successfully reloaded assembly
- Finished resetting the current domain, in  1.014 seconds
Domain Reload Profiling: 1408ms
	BeginReloadAssembly (146ms)
		ExecutionOrderSort (0ms)
		DisableScriptedObjects (11ms)
		BackupInstance (0ms)
		ReleaseScriptingObjects (0ms)
		CreateAndSetChildDomain (34ms)
	RebuildCommonClasses (33ms)
	RebuildNativeTypeToScriptingClass (11ms)
	initialDomainReloadingComplete (25ms)
	LoadAllAssembliesAndSetupDomain (177ms)
		LoadAssemblies (240ms)
		RebuildTransferFunctionScriptingTraits (0ms)
		AnalyzeDomain (13ms)
			TypeCache.Refresh (6ms)
				TypeCache.ScanAssembly (0ms)
			ScanForSourceGeneratedMonoScriptInfo (0ms)
			ResolveRequiredComponents (6ms)
	FinalizeReload (1015ms)
		ReleaseScriptCaches (0ms)
		RebuildScriptCaches (0ms)
		SetupLoadedEditorAssemblies (586ms)
			LogAssemblyErrors (0ms)
			InitializePlatformSupportModulesInManaged (22ms)
			SetLoadedEditorAssemblies (3ms)
			RefreshPlugins (0ms)
			BeforeProcessingInitializeOnLoad (58ms)
			ProcessInitializeOnLoadAttributes (464ms)
			ProcessInitializeOnLoadMethodAttributes (37ms)
			AfterProcessingInitializeOnLoad (2ms)
			EditorAssembliesLoaded (0ms)
		ExecutionOrderSort2 (0ms)
		AwakeInstancesAfterBackupRestoration (13ms)
Refreshing native plugins compatible for Editor in 2.58 ms, found 4 plugins.
Preloading 0 native plugins for Editor in 0.00 ms.
Unloading 4068 Unused Serialized files (Serialized files now loaded: 0)
Unloading 42 unused Assets / (217.0 KB). Loaded Objects now: 4559.
Memory consumption went from 151.3 MB to 151.0 MB.
Total: 3.264200 ms (FindLiveObjects: 0.285300 ms CreateObjectMapping: 0.281900 ms MarkObjects: 2.518500 ms  DeleteObjects: 0.177800 ms)

Prepare: number of updated asset objects reloaded= 0
AssetImportParameters requested are different than current active one (requested -> active):
  custom:container-demuxer-ogg: 62fdf1f143b41e24485cea50d1cbac27 -> 
  custom:video-decoder-ogg-theora: a1e56fd34408186e4bbccfd4996cb3dc -> 
  custom:framework-win-MediaFoundation: 216162199b28c13a410421893ffa2e32 -> 
  custom:CustomObjectIndexerAttribute: 43b350a4d6e6d1791af0b5038c4bea17 -> 
  custom:container-demuxer-webm: 4f35f7cbe854078d1ac9338744f61a02 -> 
  custom:container-muxer-webm: aa71ff27fc2769a1b78a27578f13a17b -> 
  custom:video-decoder-webm-vp8: 9c59270c3fd7afecdb556c50c9e8de78 -> 
  custom:SearchIndexIgnoredProperties: e643bd26f0fe6173181afceb89e7c659 -> 
  custom:AudioImporter_EditorPlatform: d09bf68614088b80899f8185d706f6e7 -> 
  custom:video-encoder-webm-vp8: eb34c28f22e8b96e1ab97ce403110664 -> 
  custom:audio-decoder-ogg-vorbis: bf7c407c2cedff20999df2af8eb42d56 -> 
  custom:audio-encoder-webm-vorbis: bf7c407c2cedff20999df2af8eb42d56 -> 
========================================================================
Received Import Request.
  Time since last request: 659.727100 seconds.
  path: Assets/Sprites/UI/Choise_game/wolf_sample.png
  artifactKey: Guid(6bba25c924026de4f9492a708b8c288c) Importer(815301076,1909f56bfc062723c751e8b465ee728b)
Start importing Assets/Sprites/UI/Choise_game/wolf_sample.png using Guid(6bba25c924026de4f9492a708b8c288c) Importer(815301076,1909f56bfc062723c751e8b465ee728b)  -> (artifact id: '9647174890ebee1a10a3a447d64a0b4c') in 0.076039 seconds
Number of updated asset objects reloaded before import = 0
Number of asset objects unloaded after import = 3
========================================================================
Received Import Request.
  Time since last request: 14.533654 seconds.
  path: Assets/Sprites/UI/Choise_game/camel_sample 1.png
  artifactKey: Guid(6db33f05aded2dd4eaafd979b97417fd) Importer(815301076,1909f56bfc062723c751e8b465ee728b)
Start importing Assets/Sprites/UI/Choise_game/camel_sample 1.png using Guid(6db33f05aded2dd4eaafd979b97417fd) Importer(815301076,1909f56bfc062723c751e8b465ee728b)  -> (artifact id: 'cf61069019eee4d58523026fdd50d190') in 0.018560 seconds
Number of updated asset objects reloaded before import = 0
Number of asset objects unloaded after import = 3
========================================================================
Received Import Request.
  Time since last request: 13.590257 seconds.
  path: Assets/Sprites/UI/Choise_game/camel_sample.png
  artifactKey: Guid(6db33f05aded2dd4eaafd979b97417fd) Importer(815301076,1909f56bfc062723c751e8b465ee728b)
Start importing Assets/Sprites/UI/Choise_game/camel_sample.png using Guid(6db33f05aded2dd4eaafd979b97417fd) Importer(815301076,1909f56bfc062723c751e8b465ee728b)  -> (artifact id: 'd637b9aa04f9a280bbe0592de2cab603') in 0.015978 seconds
Number of updated asset objects reloaded before import = 0
Number of asset objects unloaded after import = 3
========================================================================
Received Import Request.
  Time since last request: 862.763571 seconds.
  path: Assets/Scenes/Wolf.unity
  artifactKey: Guid(820dad946857e9d4792969ba0a9410bb) Importer(815301076,1909f56bfc062723c751e8b465ee728b)
Start importing Assets/Scenes/Wolf.unity using Guid(820dad946857e9d4792969ba0a9410bb) Importer(815301076,1909f56bfc062723c751e8b465ee728b)  -> (artifact id: 'df73fccf322cf12c77b40bb57114526d') in 0.001010 seconds
Number of updated asset objects reloaded before import = 0
Number of asset objects unloaded after import = 0
========================================================================
Received Import Request.
  Time since last request: 26.281409 seconds.
  path: Assets/Sprites/Ğ¡oloring book/Wolf/Body/right_front_leg.png
  artifactKey: Guid(a2595dbe12ee2224390ebadae82668e4) Importer(815301076,1909f56bfc062723c751e8b465ee728b)
Start importing Assets/Sprites/Ğ¡oloring book/Wolf/Body/right_front_leg.png using Guid(a2595dbe12ee2224390ebadae82668e4) Importer(815301076,1909f56bfc062723c751e8b465ee728b)  -> (artifact id: '0a8194c600fab7b2bf1643f810a94e09') in 0.021421 seconds
Number of updated asset objects reloaded before import = 0
Number of asset objects unloaded after import = 3
========================================================================
Received Import Request.
  Time since last request: 0.008808 seconds.
  path: Assets/Sprites/Ğ¡oloring book/Wolf/Body/body.png
  artifactKey: Guid(fe3a379900cb12c49bd378d51a2bdfde) Importer(815301076,1909f56bfc062723c751e8b465ee728b)
Start importing Assets/Sprites/Ğ¡oloring book/Wolf/Body/body.png using Guid(fe3a379900cb12c49bd378d51a2bdfde) Importer(815301076,1909f56bfc062723c751e8b465ee728b)  -> (artifact id: 'b983e49337a8ec1a970e56bf417e1d2c') in 0.040155 seconds
Number of updated asset objects reloaded before import = 0
Number of asset objects unloaded after import = 3
========================================================================
Received Import Request.
  Time since last request: 0.000035 seconds.
  path: Assets/Sprites/Ğ¡oloring book/Wolf/Body/left_front_leg.png
  artifactKey: Guid(1665c208ea9c2da44a7a4e776d2c1715) Importer(815301076,1909f56bfc062723c751e8b465ee728b)
Start importing Assets/Sprites/Ğ¡oloring book/Wolf/Body/left_front_leg.png using Guid(1665c208ea9c2da44a7a4e776d2c1715) Importer(815301076,1909f56bfc062723c751e8b465ee728b)  -> (artifact id: '456733ea4939d9d38149cb288ef05010') in 0.022713 seconds
Number of updated asset objects reloaded before import = 0
Number of asset objects unloaded after import = 3
========================================================================
Received Import Request.
  Time since last request: 22.077247 seconds.
  path: Assets/Sprites/Ğ¡oloring book/Wolf/Body/right_front_leg.png
  artifactKey: Guid(a2595dbe12ee2224390ebadae82668e4) Importer(815301076,1909f56bfc062723c751e8b465ee728b)
Start importing Assets/Sprites/Ğ¡oloring book/Wolf/Body/right_front_leg.png using Guid(a2595dbe12ee2224390ebadae82668e4) Importer(815301076,1909f56bfc062723c751e8b465ee728b)  -> (artifact id: 'b62a4e58ed812997aba0cc1317ea1899') in 0.022385 seconds
Number of updated asset objects reloaded before import = 0
Number of asset objects unloaded after import = 3
========================================================================
Received Import Request.
  Time since last request: 0.000045 seconds.
  path: Assets/Sprites/Ğ¡oloring book/Wolf/Body/left_back_leg.png
  artifactKey: Guid(8819e59a2f8e80e409d332b07822d426) Importer(815301076,1909f56bfc062723c751e8b465ee728b)
Start importing Assets/Sprites/Ğ¡oloring book/Wolf/Body/left_back_leg.png using Guid(8819e59a2f8e80e409d332b07822d426) Importer(815301076,1909f56bfc062723c751e8b465ee728b)  -> (artifact id: 'aaab5c1a6ea4149063f891c413dfa700') in 0.028104 seconds
Number of updated asset objects reloaded before import = 0
Number of asset objects unloaded after import = 3
========================================================================
Received Import Request.
  Time since last request: 0.000015 seconds.
  path: Assets/Sprites/Ğ¡oloring book/Wolf/Body/left_front_leg.png
  artifactKey: Guid(1665c208ea9c2da44a7a4e776d2c1715) Importer(815301076,1909f56bfc062723c751e8b465ee728b)
Start importing Assets/Sprites/Ğ¡oloring book/Wolf/Body/left_front_leg.png using Guid(1665c208ea9c2da44a7a4e776d2c1715) Importer(815301076,1909f56bfc062723c751e8b465ee728b)  -> (artifact id: '253958d96fc7c679419bc678ea629ce5') in 0.018141 seconds
Number of updated asset objects reloaded before import = 0
Number of asset objects unloaded after import = 3
========================================================================
Received Import Request.
  Time since last request: 6.966563 seconds.
  path: Assets/Sprites/Ğ¡oloring book/Wolf/Body/right_front_leg.png
  artifactKey: Guid(a2595dbe12ee2224390ebadae82668e4) Importer(815301076,1909f56bfc062723c751e8b465ee728b)
Start importing Assets/Sprites/Ğ¡oloring book/Wolf/Body/right_front_leg.png using Guid(a2595dbe12ee2224390ebadae82668e4) Importer(815301076,1909f56bfc062723c751e8b465ee728b)  -> (artifact id: '0d0886a33498271555f706dd8a311028') in 0.013766 seconds
Number of updated asset objects reloaded before import = 0
Number of asset objects unloaded after import = 3
========================================================================
Received Import Request.
  Time since last request: 0.008559 seconds.
  path: Assets/Sprites/Ğ¡oloring book/Wolf/Body/body.png
  artifactKey: Guid(fe3a379900cb12c49bd378d51a2bdfde) Importer(815301076,1909f56bfc062723c751e8b465ee728b)
Start importing Assets/Sprites/Ğ¡oloring book/Wolf/Body/body.png using Guid(fe3a379900cb12c49bd378d51a2bdfde) Importer(815301076,1909f56bfc062723c751e8b465ee728b)  -> (artifact id: '4884ababa99feafe8de2009ccfeddda4') in 0.032521 seconds
Number of updated asset objects reloaded before import = 0
Number of asset objects unloaded after import = 3
========================================================================
Received Import Request.
  Time since last request: 13.566326 seconds.
  path: Assets/Sprites/Ğ¡oloring book/Wolf/Head/head.png
  artifactKey: Guid(9dc594019bdf89542baad96e99836754) Importer(815301076,1909f56bfc062723c751e8b465ee728b)
Start importing Assets/Sprites/Ğ¡oloring book/Wolf/Head/head.png using Guid(9dc594019bdf89542baad96e99836754) Importer(815301076,1909f56bfc062723c751e8b465ee728b)  -> (artifact id: 'e1050e64c8a523aa5fe419d0ae3ccfc3') in 0.015028 seconds
Number of updated asset objects reloaded before import = 0
Number of asset objects unloaded after import = 3
========================================================================
Received Import Request.
  Time since last request: 0.006850 seconds.
  path: Assets/Sprites/Ğ¡oloring book/Wolf/Head/face.png
  artifactKey: Guid(3258c146f8a91054d94ecda30820f523) Importer(815301076,1909f56bfc062723c751e8b465ee728b)
Start importing Assets/Sprites/Ğ¡oloring book/Wolf/Head/face.png using Guid(3258c146f8a91054d94ecda30820f523) Importer(815301076,1909f56bfc062723c751e8b465ee728b)  -> (artifact id: '60265d00feea514b7f3e91d96d073f14') in 0.028618 seconds
Number of updated asset objects reloaded before import = 0
Number of asset objects unloaded after import = 3
========================================================================
Received Import Request.
  Time since last request: 7.853805 seconds.
  path: Assets/Sprites/Ğ¡oloring book/Wolf/Head/Ears/Left_ear/left_ear_02.png
  artifactKey: Guid(69f477f97daa7b8498c6c7cb760fc9f7) Importer(815301076,1909f56bfc062723c751e8b465ee728b)
Start importing Assets/Sprites/Ğ¡oloring book/Wolf/Head/Ears/Left_ear/left_ear_02.png using Guid(69f477f97daa7b8498c6c7cb760fc9f7) Importer(815301076,1909f56bfc062723c751e8b465ee728b)  -> (artifact id: '269e04823e3353ae98bbad8d0a5cbbc0') in 0.013607 seconds
Number of updated asset objects reloaded before import = 0
Number of asset objects unloaded after import = 3
========================================================================
Received Import Request.
  Time since last request: 0.004981 seconds.
  path: Assets/Sprites/Ğ¡oloring book/Wolf/Head/Ears/Left_ear/left_ear_01.png
  artifactKey: Guid(306b844e484b9df45a97bffee7cf7e4a) Importer(815301076,1909f56bfc062723c751e8b465ee728b)
Start importing Assets/Sprites/Ğ¡oloring book/Wolf/Head/Ears/Left_ear/left_ear_01.png using Guid(306b844e484b9df45a97bffee7cf7e4a) Importer(815301076,1909f56bfc062723c751e8b465ee728b)  -> (artifact id: '094867ee9e921257bc18cb4ad1f5ea83') in 0.013161 seconds
Number of updated asset objects reloaded before import = 0
Number of asset objects unloaded after import = 3
========================================================================
Received Import Request.
  Time since last request: 0.000029 seconds.
  path: Assets/Sprites/Ğ¡oloring book/Wolf/Head/Ears/Left_ear/left_ear_05.png
  artifactKey: Guid(8f594e148b9e15240ad19e3245f5197d) Importer(815301076,1909f56bfc062723c751e8b465ee728b)
Start importing Assets/Sprites/Ğ¡oloring book/Wolf/Head/Ears/Left_ear/left_ear_05.png using Guid(8f594e148b9e15240ad19e3245f5197d) Importer(815301076,1909f56bfc062723c751e8b465ee728b)  -> (artifact id: '1528751477fe64be2cd63ca248d0b5b1') in 0.015433 seconds
Number of updated asset objects reloaded before import = 0
Number of asset objects unloaded after import = 3
========================================================================
Received Import Request.
  Time since last request: 8.247495 seconds.
  path: Assets/Sprites/Ğ¡oloring book/Wolf/Head/Ears/Right_ear/right_ear_02.png
  artifactKey: Guid(5ec4f2f024471304aa5ac926cb82a23d) Importer(815301076,1909f56bfc062723c751e8b465ee728b)
Start importing Assets/Sprites/Ğ¡oloring book/Wolf/Head/Ears/Right_ear/right_ear_02.png using Guid(5ec4f2f024471304aa5ac926cb82a23d) Importer(815301076,1909f56bfc062723c751e8b465ee728b)  -> (artifact id: 'b73e2ebbd7d10026bbe325133b39ea0b') in 0.012270 seconds
Number of updated asset objects reloaded before import = 0
Number of asset objects unloaded after import = 3
========================================================================
Received Import Request.
  Time since last request: 0.007130 seconds.
  path: Assets/Sprites/Ğ¡oloring book/Wolf/Head/Ears/Right_ear/right_ear_01.png
  artifactKey: Guid(63deebe13e6603946921c6dd7a8c0748) Importer(815301076,1909f56bfc062723c751e8b465ee728b)
Start importing Assets/Sprites/Ğ¡oloring book/Wolf/Head/Ears/Right_ear/right_ear_01.png using Guid(63deebe13e6603946921c6dd7a8c0748) Importer(815301076,1909f56bfc062723c751e8b465ee728b)  -> (artifact id: '44cff62da194f85a4cdd5ea8db457342') in 0.013046 seconds
Number of updated asset objects reloaded before import = 0
Number of asset objects unloaded after import = 3
========================================================================
Received Import Request.
  Time since last request: 0.000018 seconds.
  path: Assets/Sprites/Ğ¡oloring book/Wolf/Head/Ears/Right_ear/right_ear_04.png
  artifactKey: Guid(6798f703058340445be038a88eee71c0) Importer(815301076,1909f56bfc062723c751e8b465ee728b)
Start importing Assets/Sprites/Ğ¡oloring book/Wolf/Head/Ears/Right_ear/right_ear_04.png using Guid(6798f703058340445be038a88eee71c0) Importer(815301076,1909f56bfc062723c751e8b465ee728b)  -> (artifact id: '0b111b27508c049dfe438d05b7c51161') in 0.012517 seconds
Number of updated asset objects reloaded before import = 0
Number of asset objects unloaded after import = 3
========================================================================
Received Import Request.
  Time since last request: 7.326303 seconds.
  path: Assets/Sprites/Ğ¡oloring book/Wolf/Head/Eyes/pupil.png
  artifactKey: Guid(536e68bde6130384d8a826cc0cb43a52) Importer(815301076,1909f56bfc062723c751e8b465ee728b)
Start importing Assets/Sprites/Ğ¡oloring book/Wolf/Head/Eyes/pupil.png using Guid(536e68bde6130384d8a826cc0cb43a52) Importer(815301076,1909f56bfc062723c751e8b465ee728b)  -> (artifact id: '38fb4e66ef462b81db55630e664480e6') in 0.010191 seconds
Number of updated asset objects reloaded before import = 0
Number of asset objects unloaded after import = 3
========================================================================
Received Import Request.
  Time since last request: 0.008547 seconds.
  path: Assets/Sprites/Ğ¡oloring book/Wolf/Head/Eyes/eyebrows.png
  artifactKey: Guid(90e859f9f5fa7c543bedb776099fefe2) Importer(815301076,1909f56bfc062723c751e8b465ee728b)
Start importing Assets/Sprites/Ğ¡oloring book/Wolf/Head/Eyes/eyebrows.png using Guid(90e859f9f5fa7c543bedb776099fefe2) Importer(815301076,1909f56bfc062723c751e8b465ee728b)  -> (artifact id: 'f01be8a53ab5220df590231062c78378') in 0.014731 seconds
Number of updated asset objects reloaded before import = 0
Number of asset objects unloaded after import = 3
========================================================================
Received Import Request.
  Time since last request: 0.000024 seconds.
  path: Assets/Sprites/Ğ¡oloring book/Wolf/Head/Eyes/right_eyeball.png
  artifactKey: Guid(21ce4c55f163899499b91cd33b835445) Importer(815301076,1909f56bfc062723c751e8b465ee728b)
Start importing Assets/Sprites/Ğ¡oloring book/Wolf/Head/Eyes/right_eyeball.png using Guid(21ce4c55f163899499b91cd33b835445) Importer(815301076,1909f56bfc062723c751e8b465ee728b)  -> (artifact id: '6deb23bf8040533c3c520bde5213af6d') in 0.016127 seconds
Number of updated asset objects reloaded before import = 0
Number of asset objects unloaded after import = 3
========================================================================
Received Import Request.
  Time since last request: 0.000101 seconds.
  path: Assets/Sprites/Ğ¡oloring book/Wolf/Head/Eyes/left_iris.png
  artifactKey: Guid(cee7db51e07fe0545aeecb1952196c0f) Importer(815301076,1909f56bfc062723c751e8b465ee728b)
Start importing Assets/Sprites/Ğ¡oloring book/Wolf/Head/Eyes/left_iris.png using Guid(cee7db51e07fe0545aeecb1952196c0f) Importer(815301076,1909f56bfc062723c751e8b465ee728b)  -> (artifact id: 'e356eb1a204ddaf8b951a83ea486878f') in 0.014646 seconds
Number of updated asset objects reloaded before import = 0
Number of asset objects unloaded after import = 3
========================================================================
Received Import Request.
  Time since last request: 10.683764 seconds.
  path: Assets/Sprites/Ğ¡oloring book/Wolf/Head/Nose/nose_01.png
  artifactKey: Guid(5288b893fcc7e634daafed81c6a66e6c) Importer(815301076,1909f56bfc062723c751e8b465ee728b)
Start importing Assets/Sprites/Ğ¡oloring book/Wolf/Head/Nose/nose_01.png using Guid(5288b893fcc7e634daafed81c6a66e6c) Importer(815301076,1909f56bfc062723c751e8b465ee728b)  -> (artifact id: 'f5d3ac04fe2e7c80dcd1b4077eabf535') in 0.014742 seconds
Number of updated asset objects reloaded before import = 0
Number of asset objects unloaded after import = 3
========================================================================
Received Import Request.
  Time since last request: 11.088759 seconds.
  path: Assets/Sprites/Ğ¡oloring book/Wolf/Neck/neck_01.png
  artifactKey: Guid(64f41f1f0ce4cbb4ba046d2ca57d70fd) Importer(815301076,1909f56bfc062723c751e8b465ee728b)
Start importing Assets/Sprites/Ğ¡oloring book/Wolf/Neck/neck_01.png using Guid(64f41f1f0ce4cbb4ba046d2ca57d70fd) Importer(815301076,1909f56bfc062723c751e8b465ee728b)  -> (artifact id: 'ab6be7dff393b2f7b95ef6e9e5703f7c') in 0.012862 seconds
Number of updated asset objects reloaded before import = 0
Number of asset objects unloaded after import = 3
========================================================================
Received Import Request.
  Time since last request: 22.617062 seconds.
  path: Assets/Sprites/Ğ¡oloring book/Wolf/eye_left_back.png
  artifactKey: Guid(f8c3da248c228c94db7a57a910e832ab) Importer(815301076,1909f56bfc062723c751e8b465ee728b)
Start importing Assets/Sprites/Ğ¡oloring book/Wolf/eye_left_back.png using Guid(f8c3da248c228c94db7a57a910e832ab) Importer(815301076,1909f56bfc062723c751e8b465ee728b)  -> (artifact id: 'bb1d7365fd9ea692d2db0f01e4c5b219') in 0.013668 seconds
Number of updated asset objects reloaded before import = 0
Number of asset objects unloaded after import = 3
Editor requested this worker to shutdown with reason: Scaling down because of idle timeout
TcpMessagingSession - receive error: operation aborted. errorcode: 995, details: Îïåğàöèÿ ââîäà/âûâîäà áûëà ïğåğâàíà èç-çà çàâåğøåíèÿ ïîòîêà êîìàíä èëè ïî çàïğîñó ïğèëîæåíèÿ.
AssetImportWorker is now disconnected from the server
Process exiting
Exiting without the bug reporter. Application will terminate with return code 0